[debug] [2026-06-15T09:21:03.141Z] ----------------------------------------------------------------------
[debug] [2026-06-15T09:21:03.174Z] Command:       C:\Program Files\nodejs\node.exe C:\Users\vaibh\AppData\Roaming\npm\node_modules\firebase-tools\lib\bin\firebase.js deploy --only hosting
[debug] [2026-06-15T09:21:03.176Z] CLI Version:   15.19.1
[debug] [2026-06-15T09:21:03.176Z] Platform:      win32
[debug] [2026-06-15T09:21:03.177Z] Node Version:  v22.15.0
[debug] [2026-06-15T09:21:03.180Z] Time:          Mon Jun 15 2026 14:51:03 GMT+0530 (India Standard Time)
[debug] [2026-06-15T09:21:03.181Z] ----------------------------------------------------------------------
[debug] 
[debug] [2026-06-15T09:21:03.189Z] >>> [apiv2][query] GET https://firebase-public.firebaseio.com/cli.json [none]
[debug] [2026-06-15T09:21:16.674Z] > command requires scopes: ["email","openid","https://www.googleapis.com/auth/cloudplatformprojects.readonly","https://www.googleapis.com/auth/firebase","https://www.googleapis.com/auth/cloud-platform"]
[debug] [2026-06-15T09:21:16.675Z] > authorizing via signed-in user (tanishkaenterprisesxion@gmail.com)
[debug] [2026-06-15T09:21:16.675Z] [iam] checking project jewellerywholesale-2e57c for permissions ["firebase.projects.get","firebasehosting.sites.update"]
[debug] [2026-06-15T09:21:16.677Z] Checked if tokens are valid: false, expires at: 1781428255818
[debug] [2026-06-15T09:21:16.677Z] Checked if tokens are valid: false, expires at: 1781428255818
[debug] [2026-06-15T09:21:16.678Z] > refreshing access token with scopes: []
[debug] [2026-06-15T09:21:16.683Z] >>> [apiv2][query] POST https://www.googleapis.com/oauth2/v3/token [none]
[debug] [2026-06-15T09:21:16.683Z] >>> [apiv2][body] POST https://www.googleapis.com/oauth2/v3/token [omitted]
[debug] [2026-06-15T09:21:16.931Z] <<< [apiv2][status] POST https://www.googleapis.com/oauth2/v3/token 200
[debug] [2026-06-15T09:21:16.931Z] <<< [apiv2][body] POST https://www.googleapis.com/oauth2/v3/token [omitted]
[debug] [2026-06-15T09:21:16.963Z] >>> [apiv2][query] POST https://cloudresourcemanager.googleapis.com/v1/projects/jewellerywholesale-2e57c:testIamPermissions [none]
[debug] [2026-06-15T09:21:16.964Z] >>> [apiv2][(partial)header] POST https://cloudresourcemanager.googleapis.com/v1/projects/jewellerywholesale-2e57c:testIamPermissions  x-goog-user-project=jewellerywholesale-2e57c
[debug] [2026-06-15T09:21:16.964Z] >>> [apiv2][body] POST https://cloudresourcemanager.googleapis.com/v1/projects/jewellerywholesale-2e57c:testIamPermissions {"permissions":["firebase.projects.get","firebasehosting.sites.update"]}
[debug] [2026-06-15T09:21:17.328Z] <<< [apiv2][status] GET https://firebase-public.firebaseio.com/cli.json 200
[debug] [2026-06-15T09:21:17.329Z] <<< [apiv2][body] GET https://firebase-public.firebaseio.com/cli.json {"cloudBuildErrorAfter":1594252800000,"cloudBuildWarnAfter":1590019200000,"defaultNode10After":1594252800000,"minVersion":"3.0.5","node8DeploysDisabledAfter":1613390400000,"node8RuntimeDisabledAfter":1615809600000,"node8WarnAfter":1600128000000}
[debug] [2026-06-15T09:21:21.701Z] <<< [apiv2][status] POST https://cloudresourcemanager.googleapis.com/v1/projects/jewellerywholesale-2e57c:testIamPermissions 200
[debug] [2026-06-15T09:21:21.702Z] <<< [apiv2][body] POST https://cloudresourcemanager.googleapis.com/v1/projects/jewellerywholesale-2e57c:testIamPermissions {"permissions":["firebase.projects.get","firebasehosting.sites.update"]}
[debug] [2026-06-15T09:21:21.705Z] Checked if tokens are valid: true, expires at: 1781518875932
[debug] [2026-06-15T09:21:21.705Z] Checked if tokens are valid: true, expires at: 1781518875932
[debug] [2026-06-15T09:21:21.707Z] >>> [apiv2][query] GET https://firebase.googleapis.com/v1beta1/projects/jewellerywholesale-2e57c [none]
[debug] [2026-06-15T09:21:32.801Z] *** [apiv2] error from fetch(https://firebase.googleapis.com/v1beta1/projects/jewellerywholesale-2e57c, {"headers":{},"method":"GET","signal":{"reason":""}}): FetchError: request to https://firebase.googleapis.com/v1beta1/projects/jewellerywholesale-2e57c failed, reason: getaddrinfo ENOTFOUND firebase.googleapis.com
[debug] [2026-06-15T09:21:32.802Z] Failed to make request to https://firebase.googleapis.com/v1beta1/projects/jewellerywholesale-2e57c (original: request to https://firebase.googleapis.com/v1beta1/projects/jewellerywholesale-2e57c failed, reason: getaddrinfo ENOTFOUND firebase.googleapis.com)
[debug] [2026-06-15T09:21:37.835Z] Error: Timed out.
    at Timeout._onTimeout (C:\Users\vaibh\AppData\Roaming\npm\node_modules\firebase-tools\lib\utils.js:310:49)
    at listOnTimeout (node:internal/timers:588:17)
    at process.processTimers (node:internal/timers:523:7)
[error] 
[error] Error: An unexpected error has occurred.
